nohup: ignoring input
/storeData/USER/software/xiatianyi/anaconda3/envs/gears/lib/python3.8/site-packages/anndata/_core/anndata.py:121: ImplicitModificationWarning: Transforming to str index.
  warnings.warn("Transforming to str index.", ImplicitModificationWarning)
/storeData/USER/software/xiatianyi/anaconda3/envs/gears/lib/python3.8/site-packages/anndata/_core/anndata.py:121: ImplicitModificationWarning: Transforming to str index.
  warnings.warn("Transforming to str index.", ImplicitModificationWarning)
0/1
PASTE2 model selection procedure.
Starting GLM-PCA...
Iteration: 0 | deviance=3.7750E+6
Iteration: 1 | deviance=3.7750E+6
Iteration: 2 | deviance=3.4695E+6
Iteration: 3 | deviance=2.7592E+6
Iteration: 4 | deviance=2.3850E+6
Iteration: 5 | deviance=2.1958E+6
Iteration: 6 | deviance=2.0909E+6
Iteration: 7 | deviance=2.0239E+6
Iteration: 8 | deviance=1.9763E+6
Iteration: 9 | deviance=1.9402E+6
Iteration: 10 | deviance=1.9114E+6
Iteration: 11 | deviance=1.8879E+6
Iteration: 12 | deviance=1.8680E+6
Iteration: 13 | deviance=1.8510E+6
Iteration: 14 | deviance=1.8361E+6
Iteration: 15 | deviance=1.8230E+6
Iteration: 16 | deviance=1.8114E+6
Iteration: 17 | deviance=1.8009E+6
Iteration: 18 | deviance=1.7914E+6
Iteration: 19 | deviance=1.7828E+6
Iteration: 20 | deviance=1.7750E+6
Iteration: 21 | deviance=1.7678E+6
Iteration: 22 | deviance=1.7612E+6
Iteration: 23 | deviance=1.7550E+6
Iteration: 24 | deviance=1.7493E+6
Iteration: 25 | deviance=1.7441E+6
Iteration: 26 | deviance=1.7391E+6
Iteration: 27 | deviance=1.7345E+6
Iteration: 28 | deviance=1.7302E+6
Iteration: 29 | deviance=1.7261E+6
Iteration: 30 | deviance=1.7223E+6
Iteration: 31 | deviance=1.7187E+6
Iteration: 32 | deviance=1.7153E+6
Iteration: 33 | deviance=1.7121E+6
Iteration: 34 | deviance=1.7090E+6
Iteration: 35 | deviance=1.7061E+6
Iteration: 36 | deviance=1.7033E+6
Iteration: 37 | deviance=1.7007E+6
Iteration: 38 | deviance=1.6982E+6
Iteration: 39 | deviance=1.6958E+6
Iteration: 40 | deviance=1.6935E+6
Iteration: 41 | deviance=1.6913E+6
Iteration: 42 | deviance=1.6892E+6
Iteration: 43 | deviance=1.6872E+6
Iteration: 44 | deviance=1.6853E+6
Iteration: 45 | deviance=1.6834E+6
Iteration: 46 | deviance=1.6816E+6
Iteration: 47 | deviance=1.6799E+6
Iteration: 48 | deviance=1.6783E+6
Iteration: 49 | deviance=1.6767E+6
Iteration: 50 | deviance=1.6751E+6
Iteration: 51 | deviance=1.6737E+6
Iteration: 52 | deviance=1.6722E+6
Iteration: 53 | deviance=1.6709E+6
Iteration: 54 | deviance=1.6695E+6
Iteration: 55 | deviance=1.6682E+6
Iteration: 56 | deviance=1.6670E+6
Iteration: 57 | deviance=1.6658E+6
Iteration: 58 | deviance=1.6646E+6
Iteration: 59 | deviance=1.6635E+6
Iteration: 60 | deviance=1.6624E+6
Iteration: 61 | deviance=1.6613E+6
Iteration: 62 | deviance=1.6603E+6
Iteration: 63 | deviance=1.6593E+6
Iteration: 64 | deviance=1.6583E+6
Iteration: 65 | deviance=1.6573E+6
Iteration: 66 | deviance=1.6564E+6
Iteration: 67 | deviance=1.6555E+6
Iteration: 68 | deviance=1.6546E+6
Iteration: 69 | deviance=1.6537E+6
Iteration: 70 | deviance=1.6529E+6
Iteration: 71 | deviance=1.6521E+6
Iteration: 72 | deviance=1.6513E+6
Iteration: 73 | deviance=1.6505E+6
Iteration: 74 | deviance=1.6497E+6
Iteration: 75 | deviance=1.6490E+6
Iteration: 76 | deviance=1.6483E+6
Iteration: 77 | deviance=1.6475E+6
Iteration: 78 | deviance=1.6468E+6
Iteration: 79 | deviance=1.6462E+6
Iteration: 80 | deviance=1.6455E+6
Iteration: 81 | deviance=1.6448E+6
Iteration: 82 | deviance=1.6442E+6
Iteration: 83 | deviance=1.6436E+6
Iteration: 84 | deviance=1.6429E+6
Iteration: 85 | deviance=1.6423E+6
Iteration: 86 | deviance=1.6417E+6
Iteration: 87 | deviance=1.6411E+6
Iteration: 88 | deviance=1.6406E+6
Iteration: 89 | deviance=1.6400E+6
Iteration: 90 | deviance=1.6395E+6
Iteration: 91 | deviance=1.6389E+6
Iteration: 92 | deviance=1.6384E+6
Iteration: 93 | deviance=1.6378E+6
Iteration: 94 | deviance=1.6373E+6
Iteration: 95 | deviance=1.6368E+6
Iteration: 96 | deviance=1.6363E+6
Iteration: 97 | deviance=1.6358E+6
Iteration: 98 | deviance=1.6353E+6
Iteration: 99 | deviance=1.6349E+6
Iteration: 100 | deviance=1.6344E+6
Iteration: 101 | deviance=1.6339E+6
Iteration: 102 | deviance=1.6335E+6
Iteration: 103 | deviance=1.6330E+6
Iteration: 104 | deviance=1.6326E+6
Iteration: 105 | deviance=1.6322E+6
Iteration: 106 | deviance=1.6317E+6
Iteration: 107 | deviance=1.6313E+6
Iteration: 108 | deviance=1.6309E+6
Iteration: 109 | deviance=1.6305E+6
Iteration: 110 | deviance=1.6301E+6
Iteration: 111 | deviance=1.6297E+6
Iteration: 112 | deviance=1.6293E+6
Iteration: 113 | deviance=1.6289E+6
Iteration: 114 | deviance=1.6285E+6
Iteration: 115 | deviance=1.6282E+6
Iteration: 116 | deviance=1.6278E+6
Iteration: 117 | deviance=1.6274E+6
Iteration: 118 | deviance=1.6271E+6
Iteration: 119 | deviance=1.6267E+6
Iteration: 120 | deviance=1.6264E+6
Iteration: 121 | deviance=1.6260E+6
Iteration: 122 | deviance=1.6257E+6
Iteration: 123 | deviance=1.6253E+6
Iteration: 124 | deviance=1.6250E+6
Iteration: 125 | deviance=1.6247E+6
Iteration: 126 | deviance=1.6244E+6
Iteration: 127 | deviance=1.6240E+6
Iteration: 128 | deviance=1.6237E+6
Iteration: 129 | deviance=1.6234E+6
Iteration: 130 | deviance=1.6231E+6
Iteration: 131 | deviance=1.6228E+6
Iteration: 132 | deviance=1.6225E+6
Iteration: 133 | deviance=1.6222E+6
Iteration: 134 | deviance=1.6219E+6
Iteration: 135 | deviance=1.6217E+6
Iteration: 136 | deviance=1.6214E+6
Iteration: 137 | deviance=1.6211E+6
Iteration: 138 | deviance=1.6208E+6
Iteration: 139 | deviance=1.6205E+6
Iteration: 140 | deviance=1.6203E+6
Iteration: 141 | deviance=1.6200E+6
Iteration: 142 | deviance=1.6197E+6
Iteration: 143 | deviance=1.6195E+6
Iteration: 144 | deviance=1.6192E+6
Iteration: 145 | deviance=1.6190E+6
Iteration: 146 | deviance=1.6187E+6
Iteration: 147 | deviance=1.6185E+6
Iteration: 148 | deviance=1.6182E+6
Iteration: 149 | deviance=1.6180E+6
Iteration: 150 | deviance=1.6178E+6
Iteration: 151 | deviance=1.6175E+6
Iteration: 152 | deviance=1.6173E+6
Iteration: 153 | deviance=1.6171E+6
Iteration: 154 | deviance=1.6168E+6
Iteration: 155 | deviance=1.6166E+6
Iteration: 156 | deviance=1.6164E+6
Iteration: 157 | deviance=1.6162E+6
Iteration: 158 | deviance=1.6160E+6
Iteration: 159 | deviance=1.6157E+6
Iteration: 160 | deviance=1.6155E+6
Iteration: 161 | deviance=1.6153E+6
Iteration: 162 | deviance=1.6151E+6
Iteration: 163 | deviance=1.6149E+6
Iteration: 164 | deviance=1.6147E+6
Iteration: 165 | deviance=1.6145E+6
Iteration: 166 | deviance=1.6143E+6
Iteration: 167 | deviance=1.6141E+6
Iteration: 168 | deviance=1.6139E+6
Iteration: 169 | deviance=1.6137E+6
Iteration: 170 | deviance=1.6135E+6
Iteration: 171 | deviance=1.6133E+6
Iteration: 172 | deviance=1.6132E+6
Iteration: 173 | deviance=1.6130E+6
Iteration: 174 | deviance=1.6128E+6
Iteration: 175 | deviance=1.6126E+6
Iteration: 176 | deviance=1.6124E+6
Iteration: 177 | deviance=1.6123E+6
Iteration: 178 | deviance=1.6121E+6
Iteration: 179 | deviance=1.6119E+6
Iteration: 180 | deviance=1.6117E+6
Iteration: 181 | deviance=1.6116E+6
Iteration: 182 | deviance=1.6114E+6
Iteration: 183 | deviance=1.6112E+6
Iteration: 184 | deviance=1.6111E+6
Iteration: 185 | deviance=1.6109E+6
Iteration: 186 | deviance=1.6107E+6
Iteration: 187 | deviance=1.6106E+6
GLM-PCA finished.
Running PASTE2 with s = 0.99...
Running PASTE2 with s = 0.95...
Running PASTE2 with s = 0.9...
Running PASTE2 with s = 0.85...
Running PASTE2 with s = 0.8...
Running PASTE2 with s = 0.75...
Running PASTE2 with s = 0.7...
Running PASTE2 with s = 0.65...
Running PASTE2 with s = 0.6...
Running PASTE2 with s = 0.55...
Running PASTE2 with s = 0.5...
Running PASTE2 with s = 0.45...
Running PASTE2 with s = 0.4...
Running PASTE2 with s = 0.35...
Running PASTE2 with s = 0.3...
Running PASTE2 with s = 0.25...
Running PASTE2 with s = 0.2...
Running PASTE2 with s = 0.15...
Running PASTE2 with s = 0.1...
Running PASTE2 with s = 0.05...
Estimation of overlap percentage is 1
PASTE2 starts...
Starting GLM-PCA...
Iteration: 0 | deviance=3.7750E+6
Iteration: 1 | deviance=3.7750E+6
Iteration: 2 | deviance=3.4756E+6
Iteration: 3 | deviance=2.7746E+6
Iteration: 4 | deviance=2.3861E+6
Iteration: 5 | deviance=2.1921E+6
Iteration: 6 | deviance=2.0883E+6
Iteration: 7 | deviance=2.0220E+6
Iteration: 8 | deviance=1.9748E+6
Iteration: 9 | deviance=1.9390E+6
Iteration: 10 | deviance=1.9106E+6
Iteration: 11 | deviance=1.8874E+6
Iteration: 12 | deviance=1.8679E+6
Iteration: 13 | deviance=1.8513E+6
Iteration: 14 | deviance=1.8368E+6
Iteration: 15 | deviance=1.8241E+6
Iteration: 16 | deviance=1.8127E+6
Iteration: 17 | deviance=1.8026E+6
